[2023-03-29 14:59:17] live.INFO: Login Data--  
[2023-03-29 14:59:17] live.INFO: array (
  'pass' => 'rsws@sudha',
  'branch_id' => '1',
  'session_id' => '8',
  'email' => 'sudhasingh@gmail.com',
)  
[2023-03-29 14:59:17] live.INFO: Login Data END---  
[2023-03-29 15:02:13] live.INFO: Login Data--  
[2023-03-29 15:02:13] live.INFO: array (
  'pass' => 'rsws@arpit',
  'branch_id' => '1',
  'session_id' => '8',
  'email' => 'arpit@rswlgmail.com',
)  
[2023-03-29 15:02:13] live.INFO: Login Data END---  
[2023-03-29 20:17:33] live.INFO: Login Data--  
[2023-03-29 20:17:33] live.INFO: array (
  'pass' => 'rswsclass9',
  'branch_id' => '1',
  'session_id' => '8',
  'email' => '0085@rsws.com',
)  
[2023-03-29 20:17:33] live.INFO: Login Data END---  
